0 info it worked if it ends with ok
1 verbose cli [ 'C:\\Program Files\\Nodist\\v-x64\\nodev6.2.0\\node.exe',
1 verbose cli   'C:\\Program Files\\Nodist\\bin\\node_modules\\npm\\bin\\npm-cli.js',
1 verbose cli   'start' ]
2 info using npm@3.5.2
3 info using node@v6.2.0
4 verbose stack Error: missing script: start
4 verbose stack     at run (C:\Program Files\Nodist\bin\node_modules\npm\lib\run-script.js:147:19)
4 verbose stack     at C:\Program Files\Nodist\bin\node_modules\npm\lib\run-script.js:57:5
4 verbose stack     at C:\Program Files\Nodist\bin\node_modules\npm\node_modules\read-package-json\read-json.js:345:5
4 verbose stack     at checkBinReferences_ (C:\Program Files\Nodist\bin\node_modules\npm\node_modules\read-package-json\read-json.js:309:45)
4 verbose stack     at final (C:\Program Files\Nodist\bin\node_modules\npm\node_modules\read-package-json\read-json.js:343:3)
4 verbose stack     at then (C:\Program Files\Nodist\bin\node_modules\npm\node_modules\read-package-json\read-json.js:113:5)
4 verbose stack     at ReadFileContext.<anonymous> (C:\Program Files\Nodist\bin\node_modules\npm\node_modules\read-package-json\read-json.js:284:20)
4 verbose stack     at ReadFileContext.callback (C:\Program Files\Nodist\bin\node_modules\npm\node_modules\graceful-fs\graceful-fs.js:76:16)
4 verbose stack     at FSReqWrap.readFileAfterOpen [as oncomplete] (fs.js:359:13)
5 verbose cwd C:\Users\奏多\electron-readus
6 error Windows_NT 10.0.14393
7 error argv "C:\\Program Files\\Nodist\\v-x64\\nodev6.2.0\\node.exe" "C:\\Program Files\\Nodist\\bin\\node_modules\\npm\\bin\\npm-cli.js" "start"
8 error node v6.2.0
9 error npm  v3.5.2
10 error missing script: start
11 error If you need help, you may report this error at:
11 error     <https://github.com/npm/npm/issues>
12 verbose exit [ 1, true ]
